[2023-12-11 07:38:33,656][tensorflow][WARNING] - Using a while_loop for converting RngReadAndSkip cause there is no registered converter for this op.
[2023-12-11 07:38:33,683][tensorflow][WARNING] - Using a while_loop for converting Bitcast cause there is no registered converter for this op.
[2023-12-11 07:38:33,711][tensorflow][WARNING] - Using a while_loop for converting Bitcast cause there is no registered converter for this op.
[2023-12-11 07:38:33,735][tensorflow][WARNING] - Using a while_loop for converting StatelessRandomUniformV2 cause there is no registered converter for this op.
[2023-12-11 07:38:33,884][tensorflow][WARNING] - Using a while_loop for converting RngReadAndSkip cause there is no registered converter for this op.
[2023-12-11 07:38:33,912][tensorflow][WARNING] - Using a while_loop for converting Bitcast cause there is no registered converter for this op.
[2023-12-11 07:38:33,940][tensorflow][WARNING] - Using a while_loop for converting Bitcast cause there is no registered converter for this op.
[2023-12-11 07:38:33,963][tensorflow][WARNING] - Using a while_loop for converting StatelessRandomUniformFullIntV2 cause there is no registered converter for this op.
[2023-12-11 07:38:34,004][tensorflow][WARNING] - Using a while_loop for converting StatelessRandomGetKeyCounter cause there is no registered converter for this op.
[2023-12-11 07:38:34,033][tensorflow][WARNING] - Using a while_loop for converting StatelessRandomUniformV2 cause there is no registered converter for this op.
[2023-12-11 07:38:34,098][tensorflow][WARNING] - Using a while_loop for converting AdjustContrastv2 cause Input "contrast_factor" of op 'AdjustContrastv2' expected to be loop invariant.
[2023-12-11 07:38:34,439][tensorflow][WARNING] - Using a while_loop for converting RngReadAndSkip cause there is no registered converter for this op.
[2023-12-11 07:38:34,464][tensorflow][WARNING] - Using a while_loop for converting Bitcast cause there is no registered converter for this op.
[2023-12-11 07:38:34,493][tensorflow][WARNING] - Using a while_loop for converting Bitcast cause there is no registered converter for this op.
[2023-12-11 07:38:34,517][tensorflow][WARNING] - Using a while_loop for converting StatelessRandomUniformV2 cause there is no registered converter for this op.
[2023-12-11 07:38:34,659][tensorflow][WARNING] - Using a while_loop for converting RngReadAndSkip cause there is no registered converter for this op.
[2023-12-11 07:38:34,685][tensorflow][WARNING] - Using a while_loop for converting Bitcast cause there is no registered converter for this op.
[2023-12-11 07:38:34,713][tensorflow][WARNING] - Using a while_loop for converting Bitcast cause there is no registered converter for this op.
[2023-12-11 07:38:34,736][tensorflow][WARNING] - Using a while_loop for converting StatelessRandomUniformFullIntV2 cause there is no registered converter for this op.
[2023-12-11 07:38:34,775][tensorflow][WARNING] - Using a while_loop for converting StatelessRandomGetKeyCounter cause there is no registered converter for this op.
[2023-12-11 07:38:34,805][tensorflow][WARNING] - Using a while_loop for converting StatelessRandomUniformV2 cause there is no registered converter for this op.
[2023-12-11 07:38:34,871][tensorflow][WARNING] - Using a while_loop for converting AdjustContrastv2 cause Input "contrast_factor" of op 'AdjustContrastv2' expected to be loop invariant.
[2023-12-11 07:47:37,938][__main__][INFO] - Train Accuracy: [0.8616975545883179, 0.965532124042511, 0.9855665564537048, 0.9885824918746948, 0.9896596074104309, 0.9935372471809387, 0.9950452446937561, 0.9995691776275635, 0.9931064248085022, 0.9894441962242126, 0.9937527179718018, 0.9984920024871826, 0.9982765913009644, 1.0, 0.9997845888137817, 0.9995691776275635, 1.0, 1.0, 1.0, 0.9905213117599487]
[2023-12-11 07:47:37,938][__main__][INFO] - Train Loss: [0.36048516631126404, 0.13084982335567474, 0.06976921111345291, 0.054249487817287445, 0.04983428865671158, 0.04019470885396004, 0.03524665907025337, 0.020891694352030754, 0.035325005650520325, 0.046216629445552826, 0.03478256240487099, 0.020182941108942032, 0.02030574157834053, 0.014457747340202332, 0.013729928061366081, 0.013767947442829609, 0.012033144943416119, 0.011291912756860256, 0.010531648993492126, 0.04149048030376434]
[2023-12-11 07:47:37,939][__main__][INFO] - Validation Accuracy: [0.5430535674095154, 0.6212011575698853, 0.5969609022140503, 0.5879160761833191, 0.5050651431083679, 0.4801013171672821, 0.4920405149459839, 0.5018090009689331, 0.48806077241897583, 0.5115774273872375, 0.5126628279685974, 0.5057886838912964, 0.5159189701080322, 0.49602025747299194, 0.48516643047332764, 0.513024628162384, 0.4967438578605652, 0.5014472007751465, 0.5036179423332214, 0.45260491967201233]
[2023-12-11 07:47:37,939][__main__][INFO] - Validation Loss: [2.4909472465515137, 1.8226484060287476, 1.1591246128082275, 2.5432140827178955, 4.306735515594482, 3.9681179523468018, 4.333776473999023, 6.571544170379639, 2.9437756538391113, 4.1475958824157715, 3.6791164875030518, 6.608980655670166, 7.375168800354004, 8.625429153442383, 9.38685131072998, 9.998292922973633, 8.761366844177246, 10.183914184570312, 9.516997337341309, 3.3456003665924072]
