[2023-12-12 09:14:12,246][tensorflow][WARNING] - Using a while_loop for converting RngReadAndSkip cause there is no registered converter for this op.
[2023-12-12 09:14:12,272][tensorflow][WARNING] - Using a while_loop for converting Bitcast cause there is no registered converter for this op.
[2023-12-12 09:14:12,301][tensorflow][WARNING] - Using a while_loop for converting Bitcast cause there is no registered converter for this op.
[2023-12-12 09:14:12,324][tensorflow][WARNING] - Using a while_loop for converting StatelessRandomUniformV2 cause there is no registered converter for this op.
[2023-12-12 09:14:12,471][tensorflow][WARNING] - Using a while_loop for converting RngReadAndSkip cause there is no registered converter for this op.
[2023-12-12 09:14:12,496][tensorflow][WARNING] - Using a while_loop for converting Bitcast cause there is no registered converter for this op.
[2023-12-12 09:14:12,524][tensorflow][WARNING] - Using a while_loop for converting Bitcast cause there is no registered converter for this op.
[2023-12-12 09:14:12,547][tensorflow][WARNING] - Using a while_loop for converting StatelessRandomUniformFullIntV2 cause there is no registered converter for this op.
[2023-12-12 09:14:12,587][tensorflow][WARNING] - Using a while_loop for converting StatelessRandomGetKeyCounter cause there is no registered converter for this op.
[2023-12-12 09:14:12,616][tensorflow][WARNING] - Using a while_loop for converting StatelessRandomUniformV2 cause there is no registered converter for this op.
[2023-12-12 09:14:12,681][tensorflow][WARNING] - Using a while_loop for converting AdjustContrastv2 cause Input "contrast_factor" of op 'AdjustContrastv2' expected to be loop invariant.
[2023-12-12 09:14:13,026][tensorflow][WARNING] - Using a while_loop for converting RngReadAndSkip cause there is no registered converter for this op.
[2023-12-12 09:14:13,050][tensorflow][WARNING] - Using a while_loop for converting Bitcast cause there is no registered converter for this op.
[2023-12-12 09:14:13,078][tensorflow][WARNING] - Using a while_loop for converting Bitcast cause there is no registered converter for this op.
[2023-12-12 09:14:13,101][tensorflow][WARNING] - Using a while_loop for converting StatelessRandomUniformV2 cause there is no registered converter for this op.
[2023-12-12 09:14:13,244][tensorflow][WARNING] - Using a while_loop for converting RngReadAndSkip cause there is no registered converter for this op.
[2023-12-12 09:14:13,269][tensorflow][WARNING] - Using a while_loop for converting Bitcast cause there is no registered converter for this op.
[2023-12-12 09:14:13,296][tensorflow][WARNING] - Using a while_loop for converting Bitcast cause there is no registered converter for this op.
[2023-12-12 09:14:13,320][tensorflow][WARNING] - Using a while_loop for converting StatelessRandomUniformFullIntV2 cause there is no registered converter for this op.
[2023-12-12 09:14:13,359][tensorflow][WARNING] - Using a while_loop for converting StatelessRandomGetKeyCounter cause there is no registered converter for this op.
[2023-12-12 09:14:13,387][tensorflow][WARNING] - Using a while_loop for converting StatelessRandomUniformV2 cause there is no registered converter for this op.
[2023-12-12 09:14:13,450][tensorflow][WARNING] - Using a while_loop for converting AdjustContrastv2 cause Input "contrast_factor" of op 'AdjustContrastv2' expected to be loop invariant.
[2023-12-12 09:23:00,057][__main__][INFO] - Train Accuracy: [0.8709607720375061, 0.9547608494758606, 0.9771650433540344, 0.9892287850379944, 0.9836277365684509, 0.9855665564537048, 0.9887979030609131, 0.9935372471809387, 0.9954760670661926, 0.9965531826019287, 0.9963377714157104, 0.9961223602294922, 0.9933218359947205, 0.9967686533927917, 0.9926755428314209, 0.99698406457901, 0.9984920024871826, 0.9931064248085022, 0.9905213117599487, 0.9950452446937561]
[2023-12-12 09:23:00,058][__main__][INFO] - Train Loss: [0.33501341938972473, 0.16561967134475708, 0.09124714881181717, 0.062282174825668335, 0.07483870536088943, 0.0627368912100792, 0.04857321083545685, 0.03457384929060936, 0.02775532938539982, 0.03010394051671028, 0.0276595801115036, 0.02729705162346363, 0.036706678569316864, 0.022313470020890236, 0.03928080573678017, 0.021472081542015076, 0.015798665583133698, 0.030469901859760284, 0.03498154133558273, 0.02626371942460537]
[2023-12-12 09:23:00,058][__main__][INFO] - Validation Accuracy: [0.5032561421394348, 0.6512300968170166, 0.55173659324646, 0.55173659324646, 0.6157742142677307, 0.6425470113754272, 0.5604196786880493, 0.5249637961387634, 0.4989146292209625, 0.543415367603302, 0.5578871369361877, 0.5264109969139099, 0.47756874561309814, 0.534370481967926, 0.5126628279685974, 0.6114327311515808, 0.5332850813865662, 0.6418234705924988, 0.6403762698173523, 0.7120115756988525]
[2023-12-12 09:23:00,059][__main__][INFO] - Validation Loss: [1.475064754486084, 0.9828036427497864, 2.034372329711914, 2.424386501312256, 1.3926877975463867, 1.0358871221542358, 2.038975477218628, 2.5635056495666504, 3.468980073928833, 2.2217042446136475, 2.445988655090332, 2.4113473892211914, 2.575643539428711, 2.9829792976379395, 2.8493449687957764, 2.210357189178467, 2.904127836227417, 1.919984221458435, 2.048207998275757, 1.269546389579773]
