[2023-12-12 02:47:33,040][tensorflow][WARNING] - Using a while_loop for converting RngReadAndSkip cause there is no registered converter for this op.
[2023-12-12 02:47:33,067][tensorflow][WARNING] - Using a while_loop for converting Bitcast cause there is no registered converter for this op.
[2023-12-12 02:47:33,095][tensorflow][WARNING] - Using a while_loop for converting Bitcast cause there is no registered converter for this op.
[2023-12-12 02:47:33,119][tensorflow][WARNING] - Using a while_loop for converting StatelessRandomUniformV2 cause there is no registered converter for this op.
[2023-12-12 02:47:33,266][tensorflow][WARNING] - Using a while_loop for converting RngReadAndSkip cause there is no registered converter for this op.
[2023-12-12 02:47:33,292][tensorflow][WARNING] - Using a while_loop for converting Bitcast cause there is no registered converter for this op.
[2023-12-12 02:47:33,323][tensorflow][WARNING] - Using a while_loop for converting Bitcast cause there is no registered converter for this op.
[2023-12-12 02:47:33,346][tensorflow][WARNING] - Using a while_loop for converting StatelessRandomUniformFullIntV2 cause there is no registered converter for this op.
[2023-12-12 02:47:33,387][tensorflow][WARNING] - Using a while_loop for converting StatelessRandomGetKeyCounter cause there is no registered converter for this op.
[2023-12-12 02:47:33,415][tensorflow][WARNING] - Using a while_loop for converting StatelessRandomUniformV2 cause there is no registered converter for this op.
[2023-12-12 02:47:33,480][tensorflow][WARNING] - Using a while_loop for converting AdjustContrastv2 cause Input "contrast_factor" of op 'AdjustContrastv2' expected to be loop invariant.
[2023-12-12 02:47:33,821][tensorflow][WARNING] - Using a while_loop for converting RngReadAndSkip cause there is no registered converter for this op.
[2023-12-12 02:47:33,846][tensorflow][WARNING] - Using a while_loop for converting Bitcast cause there is no registered converter for this op.
[2023-12-12 02:47:33,874][tensorflow][WARNING] - Using a while_loop for converting Bitcast cause there is no registered converter for this op.
[2023-12-12 02:47:33,897][tensorflow][WARNING] - Using a while_loop for converting StatelessRandomUniformV2 cause there is no registered converter for this op.
[2023-12-12 02:47:34,040][tensorflow][WARNING] - Using a while_loop for converting RngReadAndSkip cause there is no registered converter for this op.
[2023-12-12 02:47:34,065][tensorflow][WARNING] - Using a while_loop for converting Bitcast cause there is no registered converter for this op.
[2023-12-12 02:47:34,094][tensorflow][WARNING] - Using a while_loop for converting Bitcast cause there is no registered converter for this op.
[2023-12-12 02:47:34,118][tensorflow][WARNING] - Using a while_loop for converting StatelessRandomUniformFullIntV2 cause there is no registered converter for this op.
[2023-12-12 02:47:34,160][tensorflow][WARNING] - Using a while_loop for converting StatelessRandomGetKeyCounter cause there is no registered converter for this op.
[2023-12-12 02:47:34,190][tensorflow][WARNING] - Using a while_loop for converting StatelessRandomUniformV2 cause there is no registered converter for this op.
[2023-12-12 02:47:34,256][tensorflow][WARNING] - Using a while_loop for converting AdjustContrastv2 cause Input "contrast_factor" of op 'AdjustContrastv2' expected to be loop invariant.
[2023-12-12 02:56:08,886][__main__][INFO] - Train Accuracy: [0.906505823135376, 0.9829815030097961, 0.9935372471809387, 0.9987074732780457, 0.984704852104187, 0.9987074732780457, 0.9976303577423096, 1.0, 0.9997845888137817, 0.9993537068367004, 1.0, 1.0, 0.9965531826019287, 0.9892287850379944, 0.9956915378570557, 1.0, 1.0, 1.0, 1.0, 1.0]
[2023-12-12 02:56:08,886][__main__][INFO] - Train Loss: [0.25893643498420715, 0.08201678097248077, 0.05291483923792839, 0.032857004553079605, 0.07607586681842804, 0.0286292415112257, 0.032248955219984055, 0.02202046848833561, 0.020426280796527863, 0.020335594192147255, 0.017344430088996887, 0.01591476984322071, 0.024801328778266907, 0.048935554921627045, 0.025010334327816963, 0.012997152283787727, 0.011497958563268185, 0.010402372106909752, 0.009633122943341732, 0.008543985895812511]
[2023-12-12 02:56:08,886][__main__][INFO] - Validation Accuracy: [0.6403762698173523, 0.6320549845695496, 0.6678726673126221, 0.7431259155273438, 0.6939218640327454, 0.6649782657623291, 0.6819826364517212, 0.6917510628700256, 0.7272069454193115, 0.7087554335594177, 0.69826340675354, 0.6968162059783936, 0.700434148311615, 0.7384225726127625, 0.6751085519790649, 0.6884949207305908, 0.6910275220870972, 0.6816208362579346, 0.6870477795600891, 0.7000723481178284]
[2023-12-12 02:56:08,887][__main__][INFO] - Validation Loss: [1.1487646102905273, 1.628448486328125, 1.8982425928115845, 1.5839787721633911, 1.4284591674804688, 1.903859257698059, 2.1286842823028564, 2.387099266052246, 2.0721428394317627, 2.3254480361938477, 2.280137777328491, 2.5884289741516113, 0.9669495224952698, 1.4381023645401, 2.6868224143981934, 2.719292402267456, 2.704942226409912, 2.984013557434082, 2.835103750228882, 2.534761905670166]
