[2023-12-12 02:21:31,415][tensorflow][WARNING] - Using a while_loop for converting RngReadAndSkip cause there is no registered converter for this op.
[2023-12-12 02:21:31,440][tensorflow][WARNING] - Using a while_loop for converting Bitcast cause there is no registered converter for this op.
[2023-12-12 02:21:31,469][tensorflow][WARNING] - Using a while_loop for converting Bitcast cause there is no registered converter for this op.
[2023-12-12 02:21:31,492][tensorflow][WARNING] - Using a while_loop for converting StatelessRandomUniformV2 cause there is no registered converter for this op.
[2023-12-12 02:21:31,637][tensorflow][WARNING] - Using a while_loop for converting RngReadAndSkip cause there is no registered converter for this op.
[2023-12-12 02:21:31,662][tensorflow][WARNING] - Using a while_loop for converting Bitcast cause there is no registered converter for this op.
[2023-12-12 02:21:31,690][tensorflow][WARNING] - Using a while_loop for converting Bitcast cause there is no registered converter for this op.
[2023-12-12 02:21:31,713][tensorflow][WARNING] - Using a while_loop for converting StatelessRandomUniformFullIntV2 cause there is no registered converter for this op.
[2023-12-12 02:21:31,753][tensorflow][WARNING] - Using a while_loop for converting StatelessRandomGetKeyCounter cause there is no registered converter for this op.
[2023-12-12 02:21:31,781][tensorflow][WARNING] - Using a while_loop for converting StatelessRandomUniformV2 cause there is no registered converter for this op.
[2023-12-12 02:21:31,848][tensorflow][WARNING] - Using a while_loop for converting AdjustContrastv2 cause Input "contrast_factor" of op 'AdjustContrastv2' expected to be loop invariant.
[2023-12-12 02:21:32,189][tensorflow][WARNING] - Using a while_loop for converting RngReadAndSkip cause there is no registered converter for this op.
[2023-12-12 02:21:32,214][tensorflow][WARNING] - Using a while_loop for converting Bitcast cause there is no registered converter for this op.
[2023-12-12 02:21:32,243][tensorflow][WARNING] - Using a while_loop for converting Bitcast cause there is no registered converter for this op.
[2023-12-12 02:21:32,267][tensorflow][WARNING] - Using a while_loop for converting StatelessRandomUniformV2 cause there is no registered converter for this op.
[2023-12-12 02:21:32,411][tensorflow][WARNING] - Using a while_loop for converting RngReadAndSkip cause there is no registered converter for this op.
[2023-12-12 02:21:32,435][tensorflow][WARNING] - Using a while_loop for converting Bitcast cause there is no registered converter for this op.
[2023-12-12 02:21:32,464][tensorflow][WARNING] - Using a while_loop for converting Bitcast cause there is no registered converter for this op.
[2023-12-12 02:21:32,487][tensorflow][WARNING] - Using a while_loop for converting StatelessRandomUniformFullIntV2 cause there is no registered converter for this op.
[2023-12-12 02:21:32,528][tensorflow][WARNING] - Using a while_loop for converting StatelessRandomGetKeyCounter cause there is no registered converter for this op.
[2023-12-12 02:21:32,557][tensorflow][WARNING] - Using a while_loop for converting StatelessRandomUniformV2 cause there is no registered converter for this op.
[2023-12-12 02:21:32,621][tensorflow][WARNING] - Using a while_loop for converting AdjustContrastv2 cause Input "contrast_factor" of op 'AdjustContrastv2' expected to be loop invariant.
[2023-12-12 02:30:11,671][__main__][INFO] - Train Accuracy: [0.9045670032501221, 0.9896596074104309, 0.9956915378570557, 0.9989228844642639, 1.0, 1.0, 1.0, 1.0, 1.0, 1.0, 1.0, 0.9971994757652283, 0.9946143627166748, 0.9993537068367004, 1.0, 1.0, 1.0, 1.0, 1.0, 1.0]
[2023-12-12 02:30:11,671][__main__][INFO] - Train Loss: [0.26516276597976685, 0.06579425185918808, 0.042493823915719986, 0.03009505197405815, 0.02451353333890438, 0.02199239283800125, 0.019900677725672722, 0.0179150253534317, 0.016038235276937485, 0.014295708388090134, 0.012826671823859215, 0.020844055339694023, 0.03469120338559151, 0.01412203535437584, 0.01034041028469801, 0.009205061942338943, 0.008331134915351868, 0.007612437941133976, 0.006912209093570709, 0.006335281301289797]
[2023-12-12 02:30:11,672][__main__][INFO] - Validation Accuracy: [0.6306078433990479, 0.5177279114723206, 0.5133863687515259, 0.4826338589191437, 0.47793054580688477, 0.47756874561309814, 0.48046308755874634, 0.4735890030860901, 0.4750361740589142, 0.472141832113266, 0.4678002893924713, 0.49602025747299194, 0.5271345973014832, 0.5075976848602295, 0.5010854005813599, 0.5014472007751465, 0.4938494861125946, 0.49457308650016785, 0.49131694436073303, 0.4989146292209625]
[2023-12-12 02:30:11,672][__main__][INFO] - Validation Loss: [1.0710465908050537, 1.7738417387008667, 1.8946646451950073, 4.133852958679199, 5.775854587554932, 5.614433288574219, 5.408229827880859, 5.78087043762207, 5.570634841918945, 5.801681995391846, 6.322215557098389, 3.826234817504883, 4.180510520935059, 5.467924118041992, 5.956287384033203, 5.680748462677002, 5.69152307510376, 5.899522304534912, 5.726399898529053, 5.391496181488037]
