[2023-12-12 00:02:20,683][tensorflow][WARNING] - Using a while_loop for converting RngReadAndSkip cause there is no registered converter for this op.
[2023-12-12 00:02:20,709][tensorflow][WARNING] - Using a while_loop for converting Bitcast cause there is no registered converter for this op.
[2023-12-12 00:02:20,738][tensorflow][WARNING] - Using a while_loop for converting Bitcast cause there is no registered converter for this op.
[2023-12-12 00:02:20,763][tensorflow][WARNING] - Using a while_loop for converting StatelessRandomUniformV2 cause there is no registered converter for this op.
[2023-12-12 00:02:20,911][tensorflow][WARNING] - Using a while_loop for converting RngReadAndSkip cause there is no registered converter for this op.
[2023-12-12 00:02:20,937][tensorflow][WARNING] - Using a while_loop for converting Bitcast cause there is no registered converter for this op.
[2023-12-12 00:02:20,965][tensorflow][WARNING] - Using a while_loop for converting Bitcast cause there is no registered converter for this op.
[2023-12-12 00:02:20,989][tensorflow][WARNING] - Using a while_loop for converting StatelessRandomUniformFullIntV2 cause there is no registered converter for this op.
[2023-12-12 00:02:21,029][tensorflow][WARNING] - Using a while_loop for converting StatelessRandomGetKeyCounter cause there is no registered converter for this op.
[2023-12-12 00:02:21,058][tensorflow][WARNING] - Using a while_loop for converting StatelessRandomUniformV2 cause there is no registered converter for this op.
[2023-12-12 00:02:21,125][tensorflow][WARNING] - Using a while_loop for converting AdjustContrastv2 cause Input "contrast_factor" of op 'AdjustContrastv2' expected to be loop invariant.
[2023-12-12 00:02:21,471][tensorflow][WARNING] - Using a while_loop for converting RngReadAndSkip cause there is no registered converter for this op.
[2023-12-12 00:02:21,496][tensorflow][WARNING] - Using a while_loop for converting Bitcast cause there is no registered converter for this op.
[2023-12-12 00:02:21,523][tensorflow][WARNING] - Using a while_loop for converting Bitcast cause there is no registered converter for this op.
[2023-12-12 00:02:21,546][tensorflow][WARNING] - Using a while_loop for converting StatelessRandomUniformV2 cause there is no registered converter for this op.
[2023-12-12 00:02:21,690][tensorflow][WARNING] - Using a while_loop for converting RngReadAndSkip cause there is no registered converter for this op.
[2023-12-12 00:02:21,715][tensorflow][WARNING] - Using a while_loop for converting Bitcast cause there is no registered converter for this op.
[2023-12-12 00:02:21,744][tensorflow][WARNING] - Using a while_loop for converting Bitcast cause there is no registered converter for this op.
[2023-12-12 00:02:21,767][tensorflow][WARNING] - Using a while_loop for converting StatelessRandomUniformFullIntV2 cause there is no registered converter for this op.
[2023-12-12 00:02:21,809][tensorflow][WARNING] - Using a while_loop for converting StatelessRandomGetKeyCounter cause there is no registered converter for this op.
[2023-12-12 00:02:21,837][tensorflow][WARNING] - Using a while_loop for converting StatelessRandomUniformV2 cause there is no registered converter for this op.
[2023-12-12 00:02:21,904][tensorflow][WARNING] - Using a while_loop for converting AdjustContrastv2 cause Input "contrast_factor" of op 'AdjustContrastv2' expected to be loop invariant.
[2023-12-12 00:10:59,653][__main__][INFO] - Train Accuracy: [0.8696682453155518, 0.984704852104187, 0.9920293092727661, 0.9924601316452026, 0.9952606558799744, 0.9980611801147461, 0.9984920024871826, 0.9974148869514465, 0.9980611801147461, 0.9903059005737305, 0.9995691776275635, 0.9954760670661926, 0.9881516695022583, 0.9991382956504822, 1.0, 1.0, 1.0, 1.0, 1.0, 1.0]
[2023-12-12 00:10:59,654][__main__][INFO] - Train Loss: [0.34477370977401733, 0.07659342139959335, 0.05049647390842438, 0.0470079705119133, 0.03670200705528259, 0.028012776747345924, 0.025173524394631386, 0.026396652683615685, 0.02492655999958515, 0.04520591348409653, 0.018497401848435402, 0.03488687053322792, 0.0536009781062603, 0.01898890919983387, 0.013948465697467327, 0.01269592810422182, 0.011627656407654285, 0.010500648058950901, 0.009366909973323345, 0.008679984137415886]
[2023-12-12 00:10:59,654][__main__][INFO] - Validation Accuracy: [0.4981910288333893, 0.4659913182258606, 0.4663531184196472, 0.4876989722251892, 0.4876989722251892, 0.46671491861343384, 0.4840810298919678, 0.4663531184196472, 0.46960926055908203, 0.4688856601715088, 0.46852388978004456, 0.48371925950050354, 0.4826338589191437, 0.4674384891986847, 0.46707668900489807, 0.46671491861343384, 0.4663531184196472, 0.4659913182258606, 0.465629518032074, 0.46526771783828735]
[2023-12-12 00:10:59,654][__main__][INFO] - Validation Loss: [1.9967615604400635, 8.33659553527832, 7.1466965675354, 4.925329685211182, 5.311269760131836, 10.249791145324707, 7.365499496459961, 15.30067253112793, 11.09618854522705, 7.2548651695251465, 14.62691593170166, 2.4094364643096924, 7.441462993621826, 13.081136703491211, 15.32221794128418, 15.199197769165039, 14.923422813415527, 14.87779712677002, 14.501357078552246, 13.95566177368164]
