[2023-12-11 00:33:05,166][tensorflow][WARNING] - Using a while_loop for converting RngReadAndSkip cause there is no registered converter for this op.
[2023-12-11 00:33:05,191][tensorflow][WARNING] - Using a while_loop for converting Bitcast cause there is no registered converter for this op.
[2023-12-11 00:33:05,220][tensorflow][WARNING] - Using a while_loop for converting Bitcast cause there is no registered converter for this op.
[2023-12-11 00:33:05,246][tensorflow][WARNING] - Using a while_loop for converting StatelessRandomUniformV2 cause there is no registered converter for this op.
[2023-12-11 00:33:05,394][tensorflow][WARNING] - Using a while_loop for converting RngReadAndSkip cause there is no registered converter for this op.
[2023-12-11 00:33:05,420][tensorflow][WARNING] - Using a while_loop for converting Bitcast cause there is no registered converter for this op.
[2023-12-11 00:33:05,449][tensorflow][WARNING] - Using a while_loop for converting Bitcast cause there is no registered converter for this op.
[2023-12-11 00:33:05,473][tensorflow][WARNING] - Using a while_loop for converting StatelessRandomUniformFullIntV2 cause there is no registered converter for this op.
[2023-12-11 00:33:05,513][tensorflow][WARNING] - Using a while_loop for converting StatelessRandomGetKeyCounter cause there is no registered converter for this op.
[2023-12-11 00:33:05,542][tensorflow][WARNING] - Using a while_loop for converting StatelessRandomUniformV2 cause there is no registered converter for this op.
[2023-12-11 00:33:05,608][tensorflow][WARNING] - Using a while_loop for converting AdjustContrastv2 cause Input "contrast_factor" of op 'AdjustContrastv2' expected to be loop invariant.
[2023-12-11 00:33:05,954][tensorflow][WARNING] - Using a while_loop for converting RngReadAndSkip cause there is no registered converter for this op.
[2023-12-11 00:33:05,978][tensorflow][WARNING] - Using a while_loop for converting Bitcast cause there is no registered converter for this op.
[2023-12-11 00:33:06,007][tensorflow][WARNING] - Using a while_loop for converting Bitcast cause there is no registered converter for this op.
[2023-12-11 00:33:06,030][tensorflow][WARNING] - Using a while_loop for converting StatelessRandomUniformV2 cause there is no registered converter for this op.
[2023-12-11 00:33:06,177][tensorflow][WARNING] - Using a while_loop for converting RngReadAndSkip cause there is no registered converter for this op.
[2023-12-11 00:33:06,203][tensorflow][WARNING] - Using a while_loop for converting Bitcast cause there is no registered converter for this op.
[2023-12-11 00:33:06,232][tensorflow][WARNING] - Using a while_loop for converting Bitcast cause there is no registered converter for this op.
[2023-12-11 00:33:06,255][tensorflow][WARNING] - Using a while_loop for converting StatelessRandomUniformFullIntV2 cause there is no registered converter for this op.
[2023-12-11 00:33:06,295][tensorflow][WARNING] - Using a while_loop for converting StatelessRandomGetKeyCounter cause there is no registered converter for this op.
[2023-12-11 00:33:06,324][tensorflow][WARNING] - Using a while_loop for converting StatelessRandomUniformV2 cause there is no registered converter for this op.
[2023-12-11 00:33:06,388][tensorflow][WARNING] - Using a while_loop for converting AdjustContrastv2 cause Input "contrast_factor" of op 'AdjustContrastv2' expected to be loop invariant.
[2023-12-11 00:42:08,448][__main__][INFO] - Train Accuracy: [0.8401551246643066, 0.975657045841217, 0.9838431477546692, 0.9905213117599487, 0.9952606558799744, 0.9831969141960144, 0.9810426831245422, 0.9971994757652283, 0.9982765913009644, 0.9989228844642639, 0.9963377714157104, 0.9997845888137817, 0.9946143627166748, 0.9810426831245422, 0.99698406457901, 0.9961223602294922, 0.9987074732780457, 0.9980611801147461, 0.9971994757652283, 0.9991382956504822]
[2023-12-11 00:42:08,448][__main__][INFO] - Train Loss: [0.422911137342453, 0.10699550062417984, 0.08022096008062363, 0.061764612793922424, 0.0446665920317173, 0.07583311200141907, 0.08131939172744751, 0.037714675068855286, 0.02985447458922863, 0.025311775505542755, 0.029023902490735054, 0.021375058218836784, 0.03663149103522301, 0.0656702071428299, 0.024010024964809418, 0.02625420317053795, 0.018228989094495773, 0.01866370067000389, 0.0171763077378273, 0.013815055601298809]
[2023-12-11 00:42:08,449][__main__][INFO] - Validation Accuracy: [0.4819102883338928, 0.4920405149459839, 0.49276411533355713, 0.49493488669395447, 0.4692474603652954, 0.46092620491981506, 0.5141099691390991, 0.4844428300857544, 0.49312591552734375, 0.4735890030860901, 0.4772069454193115, 0.4753979742527008, 0.4952966570854187, 0.5372648239135742, 0.47178003191947937, 0.4678002893924713, 0.4725036323070526, 0.45622286200523376, 0.44645440578460693, 0.49167871475219727]
[2023-12-11 00:42:08,449][__main__][INFO] - Validation Loss: [1.5186810493469238, 2.0104241371154785, 3.168280839920044, 2.4079384803771973, 6.625432968139648, 3.3832597732543945, 1.5959384441375732, 3.014526844024658, 3.5495100021362305, 4.073424339294434, 5.883747577667236, 6.283169746398926, 2.0142273902893066, 1.9291441440582275, 7.13906192779541, 5.213751792907715, 4.9321794509887695, 4.685405731201172, 5.617002010345459, 4.360128402709961]
