[2023-12-12 06:43:30,030][tensorflow][WARNING] - Using a while_loop for converting RngReadAndSkip cause there is no registered converter for this op.
[2023-12-12 06:43:30,055][tensorflow][WARNING] - Using a while_loop for converting Bitcast cause there is no registered converter for this op.
[2023-12-12 06:43:30,082][tensorflow][WARNING] - Using a while_loop for converting Bitcast cause there is no registered converter for this op.
[2023-12-12 06:43:30,105][tensorflow][WARNING] - Using a while_loop for converting StatelessRandomUniformV2 cause there is no registered converter for this op.
[2023-12-12 06:43:30,248][tensorflow][WARNING] - Using a while_loop for converting RngReadAndSkip cause there is no registered converter for this op.
[2023-12-12 06:43:30,273][tensorflow][WARNING] - Using a while_loop for converting Bitcast cause there is no registered converter for this op.
[2023-12-12 06:43:30,300][tensorflow][WARNING] - Using a while_loop for converting Bitcast cause there is no registered converter for this op.
[2023-12-12 06:43:30,323][tensorflow][WARNING] - Using a while_loop for converting StatelessRandomUniformFullIntV2 cause there is no registered converter for this op.
[2023-12-12 06:43:30,362][tensorflow][WARNING] - Using a while_loop for converting StatelessRandomGetKeyCounter cause there is no registered converter for this op.
[2023-12-12 06:43:30,393][tensorflow][WARNING] - Using a while_loop for converting StatelessRandomUniformV2 cause there is no registered converter for this op.
[2023-12-12 06:43:30,459][tensorflow][WARNING] - Using a while_loop for converting AdjustContrastv2 cause Input "contrast_factor" of op 'AdjustContrastv2' expected to be loop invariant.
[2023-12-12 06:43:30,802][tensorflow][WARNING] - Using a while_loop for converting RngReadAndSkip cause there is no registered converter for this op.
[2023-12-12 06:43:30,826][tensorflow][WARNING] - Using a while_loop for converting Bitcast cause there is no registered converter for this op.
[2023-12-12 06:43:30,855][tensorflow][WARNING] - Using a while_loop for converting Bitcast cause there is no registered converter for this op.
[2023-12-12 06:43:30,878][tensorflow][WARNING] - Using a while_loop for converting StatelessRandomUniformV2 cause there is no registered converter for this op.
[2023-12-12 06:43:31,023][tensorflow][WARNING] - Using a while_loop for converting RngReadAndSkip cause there is no registered converter for this op.
[2023-12-12 06:43:31,048][tensorflow][WARNING] - Using a while_loop for converting Bitcast cause there is no registered converter for this op.
[2023-12-12 06:43:31,076][tensorflow][WARNING] - Using a while_loop for converting Bitcast cause there is no registered converter for this op.
[2023-12-12 06:43:31,099][tensorflow][WARNING] - Using a while_loop for converting StatelessRandomUniformFullIntV2 cause there is no registered converter for this op.
[2023-12-12 06:43:31,138][tensorflow][WARNING] - Using a while_loop for converting StatelessRandomGetKeyCounter cause there is no registered converter for this op.
[2023-12-12 06:43:31,165][tensorflow][WARNING] - Using a while_loop for converting StatelessRandomUniformV2 cause there is no registered converter for this op.
[2023-12-12 06:43:31,229][tensorflow][WARNING] - Using a while_loop for converting AdjustContrastv2 cause Input "contrast_factor" of op 'AdjustContrastv2' expected to be loop invariant.
[2023-12-12 06:52:23,293][__main__][INFO] - Train Accuracy: [0.888194739818573, 0.9862128496170044, 0.9965531826019287, 0.9984920024871826, 0.9952606558799744, 1.0, 1.0, 1.0, 1.0, 1.0, 1.0, 0.9937527179718018, 0.9946143627166748, 0.9976303577423096, 1.0, 1.0, 0.9976303577423096, 0.9967686533927917, 1.0, 1.0]
[2023-12-12 06:52:23,294][__main__][INFO] - Train Loss: [0.29772260785102844, 0.0598570853471756, 0.030697979032993317, 0.024435823783278465, 0.03285682201385498, 0.01771206222474575, 0.016126058995723724, 0.014869142323732376, 0.013767861761152744, 0.012980272062122822, 0.011739217676222324, 0.03559193015098572, 0.02720228023827076, 0.021219527348876, 0.011619839817285538, 0.010680184699594975, 0.015062756836414337, 0.02068166434764862, 0.010159499943256378, 0.00918128527700901]
[2023-12-12 06:52:23,294][__main__][INFO] - Validation Accuracy: [0.47793054580688477, 0.46201157569885254, 0.46345874667167664, 0.4678002893924713, 0.4703328609466553, 0.46997106075286865, 0.4692474603652954, 0.4692474603652954, 0.46997106075286865, 0.4706946313381195, 0.4703328609466553, 0.45730826258659363, 0.528219997882843, 0.46526771783828735, 0.46345874667167664, 0.4678002893924713, 0.46707668900489807, 0.4518813192844391, 0.45767003297805786, 0.46092620491981506]
[2023-12-12 06:52:23,294][__main__][INFO] - Validation Loss: [1.5600333213806152, 4.048439025878906, 7.361935615539551, 6.654386520385742, 5.754506587982178, 7.341650009155273, 7.394629001617432, 7.277358055114746, 7.137740612030029, 7.00008487701416, 7.0843186378479, 4.5688934326171875, 2.844768524169922, 6.001168251037598, 5.905344009399414, 9.043713569641113, 11.586665153503418, 6.332667827606201, 6.313027381896973, 6.090088367462158]
