[2023-12-11 01:18:23,571][tensorflow][WARNING] - Using a while_loop for converting RngReadAndSkip cause there is no registered converter for this op.
[2023-12-11 01:18:23,597][tensorflow][WARNING] - Using a while_loop for converting Bitcast cause there is no registered converter for this op.
[2023-12-11 01:18:23,626][tensorflow][WARNING] - Using a while_loop for converting Bitcast cause there is no registered converter for this op.
[2023-12-11 01:18:23,652][tensorflow][WARNING] - Using a while_loop for converting StatelessRandomUniformV2 cause there is no registered converter for this op.
[2023-12-11 01:18:23,807][tensorflow][WARNING] - Using a while_loop for converting RngReadAndSkip cause there is no registered converter for this op.
[2023-12-11 01:18:23,834][tensorflow][WARNING] - Using a while_loop for converting Bitcast cause there is no registered converter for this op.
[2023-12-11 01:18:23,862][tensorflow][WARNING] - Using a while_loop for converting Bitcast cause there is no registered converter for this op.
[2023-12-11 01:18:23,885][tensorflow][WARNING] - Using a while_loop for converting StatelessRandomUniformFullIntV2 cause there is no registered converter for this op.
[2023-12-11 01:18:23,926][tensorflow][WARNING] - Using a while_loop for converting StatelessRandomGetKeyCounter cause there is no registered converter for this op.
[2023-12-11 01:18:23,955][tensorflow][WARNING] - Using a while_loop for converting StatelessRandomUniformV2 cause there is no registered converter for this op.
[2023-12-11 01:18:24,023][tensorflow][WARNING] - Using a while_loop for converting AdjustContrastv2 cause Input "contrast_factor" of op 'AdjustContrastv2' expected to be loop invariant.
[2023-12-11 01:18:24,369][tensorflow][WARNING] - Using a while_loop for converting RngReadAndSkip cause there is no registered converter for this op.
[2023-12-11 01:18:24,395][tensorflow][WARNING] - Using a while_loop for converting Bitcast cause there is no registered converter for this op.
[2023-12-11 01:18:24,423][tensorflow][WARNING] - Using a while_loop for converting Bitcast cause there is no registered converter for this op.
[2023-12-11 01:18:24,447][tensorflow][WARNING] - Using a while_loop for converting StatelessRandomUniformV2 cause there is no registered converter for this op.
[2023-12-11 01:18:24,589][tensorflow][WARNING] - Using a while_loop for converting RngReadAndSkip cause there is no registered converter for this op.
[2023-12-11 01:18:24,614][tensorflow][WARNING] - Using a while_loop for converting Bitcast cause there is no registered converter for this op.
[2023-12-11 01:18:24,644][tensorflow][WARNING] - Using a while_loop for converting Bitcast cause there is no registered converter for this op.
[2023-12-11 01:18:24,667][tensorflow][WARNING] - Using a while_loop for converting StatelessRandomUniformFullIntV2 cause there is no registered converter for this op.
[2023-12-11 01:18:24,709][tensorflow][WARNING] - Using a while_loop for converting StatelessRandomGetKeyCounter cause there is no registered converter for this op.
[2023-12-11 01:18:24,737][tensorflow][WARNING] - Using a while_loop for converting StatelessRandomUniformV2 cause there is no registered converter for this op.
[2023-12-11 01:18:24,802][tensorflow][WARNING] - Using a while_loop for converting AdjustContrastv2 cause Input "contrast_factor" of op 'AdjustContrastv2' expected to be loop invariant.
[2023-12-11 01:27:25,403][__main__][INFO] - Train Accuracy: [0.8892718553543091, 0.990736722946167, 0.9948298335075378, 0.9943989515304565, 0.9980611801147461, 1.0, 1.0, 1.0, 1.0, 1.0, 1.0, 1.0, 0.9991382956504822, 0.9317104816436768, 0.9974148869514465, 0.9984920024871826, 0.9991382956504822, 1.0, 1.0, 1.0]
[2023-12-11 01:27:25,403][__main__][INFO] - Train Loss: [0.29012835025787354, 0.0579477995634079, 0.04156799986958504, 0.03836343064904213, 0.027390966191887856, 0.020802786573767662, 0.019083630293607712, 0.01765342615544796, 0.01625819131731987, 0.014922280795872211, 0.013610354624688625, 0.012422902509570122, 0.015622173435986042, 0.20550866425037384, 0.027037829160690308, 0.019183440133929253, 0.01662648469209671, 0.013394862413406372, 0.012644344009459019, 0.01192911434918642]
[2023-12-11 01:27:25,404][__main__][INFO] - Validation Accuracy: [0.47105643153190613, 0.46960926055908203, 0.4981910288333893, 0.5249637961387634, 0.478292316198349, 0.49312591552734375, 0.49927639961242676, 0.5, 0.484804630279541, 0.47612157464027405, 0.48842257261276245, 0.48552823066711426, 0.5318379402160645, 0.46707668900489807, 0.5047033429145813, 0.49023154377937317, 0.506150484085083, 0.5018090009689331, 0.5072358846664429, 0.5057886838912964]
[2023-12-11 01:27:25,404][__main__][INFO] - Validation Loss: [3.558403253555298, 3.377704620361328, 3.320355176925659, 2.594231128692627, 4.594912052154541, 4.087789535522461, 3.9474501609802246, 3.9227190017700195, 4.284324645996094, 3.922588586807251, 3.8812735080718994, 3.9874541759490967, 1.9805108308792114, 4.890961647033691, 4.308979511260986, 5.893749237060547, 5.782067775726318, 6.068577766418457, 5.781515121459961, 5.999640941619873]
