[2023-12-11 09:44:13,865][tensorflow][WARNING] - Using a while_loop for converting RngReadAndSkip cause there is no registered converter for this op.
[2023-12-11 09:44:13,886][tensorflow][WARNING] - Using a while_loop for converting Bitcast cause there is no registered converter for this op.
[2023-12-11 09:44:13,909][tensorflow][WARNING] - Using a while_loop for converting Bitcast cause there is no registered converter for this op.
[2023-12-11 09:44:13,927][tensorflow][WARNING] - Using a while_loop for converting StatelessRandomUniformV2 cause there is no registered converter for this op.
[2023-12-11 09:44:14,064][tensorflow][WARNING] - Using a while_loop for converting RngReadAndSkip cause there is no registered converter for this op.
[2023-12-11 09:44:14,084][tensorflow][WARNING] - Using a while_loop for converting Bitcast cause there is no registered converter for this op.
[2023-12-11 09:44:14,107][tensorflow][WARNING] - Using a while_loop for converting Bitcast cause there is no registered converter for this op.
[2023-12-11 09:44:14,127][tensorflow][WARNING] - Using a while_loop for converting StatelessRandomUniformFullIntV2 cause there is no registered converter for this op.
[2023-12-11 09:44:14,159][tensorflow][WARNING] - Using a while_loop for converting StatelessRandomGetKeyCounter cause there is no registered converter for this op.
[2023-12-11 09:44:14,181][tensorflow][WARNING] - Using a while_loop for converting StatelessRandomUniformV2 cause there is no registered converter for this op.
[2023-12-11 09:44:14,240][tensorflow][WARNING] - Using a while_loop for converting AdjustContrastv2 cause Input "contrast_factor" of op 'AdjustContrastv2' expected to be loop invariant.
[2023-12-11 09:44:14,571][tensorflow][WARNING] - Using a while_loop for converting RngReadAndSkip cause there is no registered converter for this op.
[2023-12-11 09:44:14,597][tensorflow][WARNING] - Using a while_loop for converting Bitcast cause there is no registered converter for this op.
[2023-12-11 09:44:14,626][tensorflow][WARNING] - Using a while_loop for converting Bitcast cause there is no registered converter for this op.
[2023-12-11 09:44:14,650][tensorflow][WARNING] - Using a while_loop for converting StatelessRandomUniformV2 cause there is no registered converter for this op.
[2023-12-11 09:44:14,801][tensorflow][WARNING] - Using a while_loop for converting RngReadAndSkip cause there is no registered converter for this op.
[2023-12-11 09:44:14,826][tensorflow][WARNING] - Using a while_loop for converting Bitcast cause there is no registered converter for this op.
[2023-12-11 09:44:14,855][tensorflow][WARNING] - Using a while_loop for converting Bitcast cause there is no registered converter for this op.
[2023-12-11 09:44:14,880][tensorflow][WARNING] - Using a while_loop for converting StatelessRandomUniformFullIntV2 cause there is no registered converter for this op.
[2023-12-11 09:44:14,923][tensorflow][WARNING] - Using a while_loop for converting StatelessRandomGetKeyCounter cause there is no registered converter for this op.
[2023-12-11 09:44:14,951][tensorflow][WARNING] - Using a while_loop for converting StatelessRandomUniformV2 cause there is no registered converter for this op.
[2023-12-11 09:44:15,017][tensorflow][WARNING] - Using a while_loop for converting AdjustContrastv2 cause Input "contrast_factor" of op 'AdjustContrastv2' expected to be loop invariant.
[2023-12-11 09:44:15,371][tensorflow][WARNING] - Using a while_loop for converting RngReadAndSkip cause there is no registered converter for this op.
[2023-12-11 09:44:15,396][tensorflow][WARNING] - Using a while_loop for converting Bitcast cause there is no registered converter for this op.
[2023-12-11 09:44:15,425][tensorflow][WARNING] - Using a while_loop for converting Bitcast cause there is no registered converter for this op.
[2023-12-11 09:44:15,452][tensorflow][WARNING] - Using a while_loop for converting StatelessRandomUniformV2 cause there is no registered converter for this op.
[2023-12-11 09:44:15,598][tensorflow][WARNING] - Using a while_loop for converting RngReadAndSkip cause there is no registered converter for this op.
[2023-12-11 09:44:15,624][tensorflow][WARNING] - Using a while_loop for converting Bitcast cause there is no registered converter for this op.
[2023-12-11 09:44:15,652][tensorflow][WARNING] - Using a while_loop for converting Bitcast cause there is no registered converter for this op.
[2023-12-11 09:44:15,675][tensorflow][WARNING] - Using a while_loop for converting StatelessRandomUniformFullIntV2 cause there is no registered converter for this op.
[2023-12-11 09:44:15,717][tensorflow][WARNING] - Using a while_loop for converting StatelessRandomGetKeyCounter cause there is no registered converter for this op.
[2023-12-11 09:44:15,745][tensorflow][WARNING] - Using a while_loop for converting StatelessRandomUniformV2 cause there is no registered converter for this op.
[2023-12-11 09:44:15,810][tensorflow][WARNING] - Using a while_loop for converting AdjustContrastv2 cause Input "contrast_factor" of op 'AdjustContrastv2' expected to be loop invariant.
[2023-12-11 09:53:00,783][__main__][INFO] - Train Accuracy: [0.9261094331741333, 0.9840586185455322, 0.9976303577423096, 0.9976303577423096, 1.0, 1.0, 1.0, 1.0, 1.0, 1.0, 1.0, 1.0, 1.0, 1.0, 1.0, 0.9844894409179688, 0.9926755428314209, 0.9997845888137817, 1.0, 1.0]
[2023-12-11 09:53:00,783][__main__][INFO] - Train Loss: [0.20389477908611298, 0.0785168930888176, 0.03176040202379227, 0.026203013956546783, 0.016844021156430244, 0.014198333024978638, 0.012037641368806362, 0.010233324952423573, 0.008680434897542, 0.00738178426399827, 0.006338130682706833, 0.005427114199846983, 0.004779672250151634, 0.004418274853378534, 0.003966496326029301, 0.05014568567276001, 0.03068973496556282, 0.006267194636166096, 0.005069221835583448, 0.0044828858226537704]
[2023-12-11 09:53:00,784][__main__][INFO] - Validation Accuracy: [0.6997105479240417, 0.6819826364517212, 0.6657018661499023, 0.6613603234291077, 0.6765556931495667, 0.6928364634513855, 0.683068037033081, 0.6892185211181641, 0.6957308053970337, 0.6968162059783936, 0.7022431492805481, 0.7192474603652954, 0.6924746632575989, 0.7644717693328857, 0.7304630875587463, 0.7214182615280151, 0.7698987126350403, 0.7532561421394348, 0.7514472007751465, 0.7460202574729919]
[2023-12-11 09:53:00,784][__main__][INFO] - Validation Loss: [1.3030530214309692, 1.1192266941070557, 1.419579029083252, 1.689181923866272, 1.573484182357788, 1.4444366693496704, 1.5435161590576172, 1.5257699489593506, 1.4578044414520264, 1.4687994718551636, 1.4114654064178467, 1.309676170349121, 1.5574191808700562, 1.2008106708526611, 1.4223791360855103, 1.1811683177947998, 0.7459181547164917, 1.2271682024002075, 1.3017886877059937, 1.3878446817398071]
