[2023-12-10 21:58:59,311][tensorflow][WARNING] - Using a while_loop for converting RngReadAndSkip cause there is no registered converter for this op.
[2023-12-10 21:58:59,338][tensorflow][WARNING] - Using a while_loop for converting Bitcast cause there is no registered converter for this op.
[2023-12-10 21:58:59,367][tensorflow][WARNING] - Using a while_loop for converting Bitcast cause there is no registered converter for this op.
[2023-12-10 21:58:59,392][tensorflow][WARNING] - Using a while_loop for converting StatelessRandomUniformV2 cause there is no registered converter for this op.
[2023-12-10 21:58:59,542][tensorflow][WARNING] - Using a while_loop for converting RngReadAndSkip cause there is no registered converter for this op.
[2023-12-10 21:58:59,568][tensorflow][WARNING] - Using a while_loop for converting Bitcast cause there is no registered converter for this op.
[2023-12-10 21:58:59,597][tensorflow][WARNING] - Using a while_loop for converting Bitcast cause there is no registered converter for this op.
[2023-12-10 21:58:59,621][tensorflow][WARNING] - Using a while_loop for converting StatelessRandomUniformFullIntV2 cause there is no registered converter for this op.
[2023-12-10 21:58:59,667][tensorflow][WARNING] - Using a while_loop for converting StatelessRandomGetKeyCounter cause there is no registered converter for this op.
[2023-12-10 21:58:59,700][tensorflow][WARNING] - Using a while_loop for converting StatelessRandomUniformV2 cause there is no registered converter for this op.
[2023-12-10 21:58:59,767][tensorflow][WARNING] - Using a while_loop for converting AdjustContrastv2 cause Input "contrast_factor" of op 'AdjustContrastv2' expected to be loop invariant.
[2023-12-10 21:59:00,125][tensorflow][WARNING] - Using a while_loop for converting RngReadAndSkip cause there is no registered converter for this op.
[2023-12-10 21:59:00,150][tensorflow][WARNING] - Using a while_loop for converting Bitcast cause there is no registered converter for this op.
[2023-12-10 21:59:00,181][tensorflow][WARNING] - Using a while_loop for converting Bitcast cause there is no registered converter for this op.
[2023-12-10 21:59:00,204][tensorflow][WARNING] - Using a while_loop for converting StatelessRandomUniformV2 cause there is no registered converter for this op.
[2023-12-10 21:59:00,354][tensorflow][WARNING] - Using a while_loop for converting RngReadAndSkip cause there is no registered converter for this op.
[2023-12-10 21:59:00,379][tensorflow][WARNING] - Using a while_loop for converting Bitcast cause there is no registered converter for this op.
[2023-12-10 21:59:00,409][tensorflow][WARNING] - Using a while_loop for converting Bitcast cause there is no registered converter for this op.
[2023-12-10 21:59:00,434][tensorflow][WARNING] - Using a while_loop for converting StatelessRandomUniformFullIntV2 cause there is no registered converter for this op.
[2023-12-10 21:59:00,476][tensorflow][WARNING] - Using a while_loop for converting StatelessRandomGetKeyCounter cause there is no registered converter for this op.
[2023-12-10 21:59:00,507][tensorflow][WARNING] - Using a while_loop for converting StatelessRandomUniformV2 cause there is no registered converter for this op.
[2023-12-10 21:59:00,579][tensorflow][WARNING] - Using a while_loop for converting AdjustContrastv2 cause Input "contrast_factor" of op 'AdjustContrastv2' expected to be loop invariant.
[2023-12-10 22:08:01,087][__main__][INFO] - Train Accuracy: [0.8619129657745361, 0.9819043278694153, 0.9887979030609131, 0.9941835403442383, 0.9943989515304565, 0.99396812915802, 0.9989228844642639, 0.9924601316452026, 0.9997845888137817, 0.9997845888137817, 1.0, 1.0, 0.9997845888137817, 0.9918138980865479, 0.9984920024871826, 0.9995691776275635, 1.0, 1.0, 1.0, 1.0]
[2023-12-10 22:08:01,088][__main__][INFO] - Train Loss: [0.3457231819629669, 0.08337871730327606, 0.06724473834037781, 0.043372172862291336, 0.038541242480278015, 0.03683033958077431, 0.022568468004465103, 0.03933008015155792, 0.018605299293994904, 0.01654360443353653, 0.01443081721663475, 0.013282587751746178, 0.01288480032235384, 0.037051763385534286, 0.01842579059302807, 0.01229531317949295, 0.010744217783212662, 0.009937706403434277, 0.009083466604351997, 0.008349187672138214]
[2023-12-10 22:08:01,088][__main__][INFO] - Validation Accuracy: [0.6714906096458435, 0.6841533780097961, 0.6957308053970337, 0.579956591129303, 0.7376989722251892, 0.7239508032798767, 0.5955137610435486, 0.5853834748268127, 0.635672926902771, 0.7159913182258606, 0.6534008979797363, 0.6707670092582703, 0.5781475901603699, 0.6363965272903442, 0.6309695839881897, 0.6414616703987122, 0.6544862389564514, 0.6291606426239014, 0.6099855303764343, 0.6125180721282959]
[2023-12-10 22:08:01,089][__main__][INFO] - Validation Loss: [0.8897039294242859, 1.818324089050293, 0.7786032557487488, 2.126051664352417, 1.2066596746444702, 1.4738073348999023, 1.6737936735153198, 1.8678863048553467, 2.064119815826416, 1.843600869178772, 2.1560277938842773, 2.1368191242218018, 2.8028061389923096, 1.930637240409851, 2.253551959991455, 2.404249429702759, 2.300283670425415, 2.4558398723602295, 2.4825022220611572, 2.378464937210083]
