[2023-12-11 23:01:44,223][tensorflow][WARNING] - Using a while_loop for converting RngReadAndSkip cause there is no registered converter for this op.
[2023-12-11 23:01:44,249][tensorflow][WARNING] - Using a while_loop for converting Bitcast cause there is no registered converter for this op.
[2023-12-11 23:01:44,277][tensorflow][WARNING] - Using a while_loop for converting Bitcast cause there is no registered converter for this op.
[2023-12-11 23:01:44,301][tensorflow][WARNING] - Using a while_loop for converting StatelessRandomUniformV2 cause there is no registered converter for this op.
[2023-12-11 23:01:44,448][tensorflow][WARNING] - Using a while_loop for converting RngReadAndSkip cause there is no registered converter for this op.
[2023-12-11 23:01:44,474][tensorflow][WARNING] - Using a while_loop for converting Bitcast cause there is no registered converter for this op.
[2023-12-11 23:01:44,502][tensorflow][WARNING] - Using a while_loop for converting Bitcast cause there is no registered converter for this op.
[2023-12-11 23:01:44,525][tensorflow][WARNING] - Using a while_loop for converting StatelessRandomUniformFullIntV2 cause there is no registered converter for this op.
[2023-12-11 23:01:44,565][tensorflow][WARNING] - Using a while_loop for converting StatelessRandomGetKeyCounter cause there is no registered converter for this op.
[2023-12-11 23:01:44,593][tensorflow][WARNING] - Using a while_loop for converting StatelessRandomUniformV2 cause there is no registered converter for this op.
[2023-12-11 23:01:44,661][tensorflow][WARNING] - Using a while_loop for converting AdjustContrastv2 cause Input "contrast_factor" of op 'AdjustContrastv2' expected to be loop invariant.
[2023-12-11 23:01:45,004][tensorflow][WARNING] - Using a while_loop for converting RngReadAndSkip cause there is no registered converter for this op.
[2023-12-11 23:01:45,029][tensorflow][WARNING] - Using a while_loop for converting Bitcast cause there is no registered converter for this op.
[2023-12-11 23:01:45,057][tensorflow][WARNING] - Using a while_loop for converting Bitcast cause there is no registered converter for this op.
[2023-12-11 23:01:45,081][tensorflow][WARNING] - Using a while_loop for converting StatelessRandomUniformV2 cause there is no registered converter for this op.
[2023-12-11 23:01:45,226][tensorflow][WARNING] - Using a while_loop for converting RngReadAndSkip cause there is no registered converter for this op.
[2023-12-11 23:01:45,250][tensorflow][WARNING] - Using a while_loop for converting Bitcast cause there is no registered converter for this op.
[2023-12-11 23:01:45,278][tensorflow][WARNING] - Using a while_loop for converting Bitcast cause there is no registered converter for this op.
[2023-12-11 23:01:45,302][tensorflow][WARNING] - Using a while_loop for converting StatelessRandomUniformFullIntV2 cause there is no registered converter for this op.
[2023-12-11 23:01:45,341][tensorflow][WARNING] - Using a while_loop for converting StatelessRandomGetKeyCounter cause there is no registered converter for this op.
[2023-12-11 23:01:45,370][tensorflow][WARNING] - Using a while_loop for converting StatelessRandomUniformV2 cause there is no registered converter for this op.
[2023-12-11 23:01:45,601][tensorflow][WARNING] - Using a while_loop for converting AdjustContrastv2 cause Input "contrast_factor" of op 'AdjustContrastv2' expected to be loop invariant.
[2023-12-11 23:10:22,866][__main__][INFO] - Train Accuracy: [0.8976734280586243, 0.987720787525177, 0.9948298335075378, 0.9976303577423096, 0.9950452446937561, 0.9933218359947205, 0.9961223602294922, 0.9982765913009644, 0.9997845888137817, 1.0, 1.0, 1.0, 1.0, 1.0, 0.9997845888137817, 0.9905213117599487, 0.99396812915802, 0.9984920024871826, 1.0, 0.9974148869514465]
[2023-12-11 23:10:22,867][__main__][INFO] - Train Loss: [0.2810332179069519, 0.07037864625453949, 0.0453609861433506, 0.029947562143206596, 0.03300068899989128, 0.034723568707704544, 0.028616182506084442, 0.018664326518774033, 0.013295040465891361, 0.01161936391144991, 0.010273326188325882, 0.00925007276237011, 0.008280446752905846, 0.0074821277521550655, 0.008213496766984463, 0.037433821707963943, 0.024308372288942337, 0.011176957748830318, 0.007762257941067219, 0.014694246463477612]
[2023-12-11 23:10:22,867][__main__][INFO] - Validation Accuracy: [0.6537626385688782, 0.6649782657623291, 0.6736613512039185, 0.7076700329780579, 0.6718524098396301, 0.7163531184196472, 0.6888567209243774, 0.670043408870697, 0.6649782657623291, 0.6389290690422058, 0.6523154973983765, 0.666063666343689, 0.6696816086769104, 0.681259036064148, 0.6602749824523926, 0.6957308053970337, 0.6342257857322693, 0.6892185211181641, 0.7018813490867615, 0.691389262676239]
[2023-12-11 23:10:22,868][__main__][INFO] - Validation Loss: [0.9769819974899292, 1.4634771347045898, 2.0506372451782227, 1.3738640546798706, 1.6506506204605103, 1.5437521934509277, 1.8635895252227783, 1.9960423707962036, 2.3998005390167236, 2.9798519611358643, 2.777557849884033, 2.5283565521240234, 2.3469455242156982, 2.2586700916290283, 1.837003231048584, 1.6581789255142212, 2.010788917541504, 3.0847411155700684, 2.417316436767578, 2.551551580429077]
