[2023-12-12 12:10:40,948][tensorflow][WARNING] - Using a while_loop for converting RngReadAndSkip cause there is no registered converter for this op.
[2023-12-12 12:10:40,974][tensorflow][WARNING] - Using a while_loop for converting Bitcast cause there is no registered converter for this op.
[2023-12-12 12:10:41,002][tensorflow][WARNING] - Using a while_loop for converting Bitcast cause there is no registered converter for this op.
[2023-12-12 12:10:41,024][tensorflow][WARNING] - Using a while_loop for converting StatelessRandomUniformV2 cause there is no registered converter for this op.
[2023-12-12 12:10:41,166][tensorflow][WARNING] - Using a while_loop for converting RngReadAndSkip cause there is no registered converter for this op.
[2023-12-12 12:10:41,193][tensorflow][WARNING] - Using a while_loop for converting Bitcast cause there is no registered converter for this op.
[2023-12-12 12:10:41,220][tensorflow][WARNING] - Using a while_loop for converting Bitcast cause there is no registered converter for this op.
[2023-12-12 12:10:41,242][tensorflow][WARNING] - Using a while_loop for converting StatelessRandomUniformFullIntV2 cause there is no registered converter for this op.
[2023-12-12 12:10:41,281][tensorflow][WARNING] - Using a while_loop for converting StatelessRandomGetKeyCounter cause there is no registered converter for this op.
[2023-12-12 12:10:41,309][tensorflow][WARNING] - Using a while_loop for converting StatelessRandomUniformV2 cause there is no registered converter for this op.
[2023-12-12 12:10:41,371][tensorflow][WARNING] - Using a while_loop for converting AdjustContrastv2 cause Input "contrast_factor" of op 'AdjustContrastv2' expected to be loop invariant.
[2023-12-12 12:10:41,707][tensorflow][WARNING] - Using a while_loop for converting RngReadAndSkip cause there is no registered converter for this op.
[2023-12-12 12:10:41,732][tensorflow][WARNING] - Using a while_loop for converting Bitcast cause there is no registered converter for this op.
[2023-12-12 12:10:41,759][tensorflow][WARNING] - Using a while_loop for converting Bitcast cause there is no registered converter for this op.
[2023-12-12 12:10:41,781][tensorflow][WARNING] - Using a while_loop for converting StatelessRandomUniformV2 cause there is no registered converter for this op.
[2023-12-12 12:10:41,921][tensorflow][WARNING] - Using a while_loop for converting RngReadAndSkip cause there is no registered converter for this op.
[2023-12-12 12:10:41,945][tensorflow][WARNING] - Using a while_loop for converting Bitcast cause there is no registered converter for this op.
[2023-12-12 12:10:41,975][tensorflow][WARNING] - Using a while_loop for converting Bitcast cause there is no registered converter for this op.
[2023-12-12 12:10:41,997][tensorflow][WARNING] - Using a while_loop for converting StatelessRandomUniformFullIntV2 cause there is no registered converter for this op.
[2023-12-12 12:10:42,036][tensorflow][WARNING] - Using a while_loop for converting StatelessRandomGetKeyCounter cause there is no registered converter for this op.
[2023-12-12 12:10:42,063][tensorflow][WARNING] - Using a while_loop for converting StatelessRandomUniformV2 cause there is no registered converter for this op.
[2023-12-12 12:10:42,124][tensorflow][WARNING] - Using a while_loop for converting AdjustContrastv2 cause Input "contrast_factor" of op 'AdjustContrastv2' expected to be loop invariant.
[2023-12-12 12:19:27,209][__main__][INFO] - Train Accuracy: [0.8959500193595886, 0.9780266880989075, 0.99095219373703, 0.9933218359947205, 0.9918138980865479, 0.9976303577423096, 1.0, 1.0, 0.99095219373703, 0.9928910136222839, 0.9974148869514465, 0.9961223602294922, 0.9948298335075378, 0.9941835403442383, 0.9976303577423096, 1.0, 0.9941835403442383, 0.9991382956504822, 1.0, 1.0]
[2023-12-12 12:19:27,209][__main__][INFO] - Train Loss: [0.29294028878211975, 0.09905248880386353, 0.052734747529029846, 0.041054170578718185, 0.043078333139419556, 0.02716916799545288, 0.01975029520690441, 0.017934700474143028, 0.043903738260269165, 0.03729027882218361, 0.024239789694547653, 0.028660733252763748, 0.03318559005856514, 0.035025764256715775, 0.025517314672470093, 0.015086396597325802, 0.02948937751352787, 0.016721414402127266, 0.01358378492295742, 0.012553747743368149]
[2023-12-12 12:19:27,209][__main__][INFO] - Validation Accuracy: [0.48516643047332764, 0.46671491861343384, 0.4703328609466553, 0.4692474603652954, 0.4735890030860901, 0.4692474603652954, 0.4663531184196472, 0.46852388978004456, 0.47105643153190613, 0.4688856601715088, 0.4725036323070526, 0.46960926055908203, 0.4905933439731598, 0.4764833450317383, 0.4703328609466553, 0.4692474603652954, 0.4706946313381195, 0.4703328609466553, 0.4692474603652954, 0.4688856601715088]
[2023-12-12 12:19:27,210][__main__][INFO] - Validation Loss: [1.6098277568817139, 3.7897229194641113, 4.534927845001221, 2.6239514350891113, 5.4379401206970215, 8.140701293945312, 10.161161422729492, 10.082186698913574, 7.665414333343506, 7.45980978012085, 9.228925704956055, 9.133522987365723, 1.661819338798523, 5.5417094230651855, 9.786979675292969, 10.208786010742188, 7.751215934753418, 9.509379386901855, 10.219681739807129, 10.468920707702637]
