[2023-12-12 03:22:23,917][tensorflow][WARNING] - Using a while_loop for converting RngReadAndSkip cause there is no registered converter for this op.
[2023-12-12 03:22:23,945][tensorflow][WARNING] - Using a while_loop for converting Bitcast cause there is no registered converter for this op.
[2023-12-12 03:22:23,973][tensorflow][WARNING] - Using a while_loop for converting Bitcast cause there is no registered converter for this op.
[2023-12-12 03:22:23,996][tensorflow][WARNING] - Using a while_loop for converting StatelessRandomUniformV2 cause there is no registered converter for this op.
[2023-12-12 03:22:24,143][tensorflow][WARNING] - Using a while_loop for converting RngReadAndSkip cause there is no registered converter for this op.
[2023-12-12 03:22:24,168][tensorflow][WARNING] - Using a while_loop for converting Bitcast cause there is no registered converter for this op.
[2023-12-12 03:22:24,197][tensorflow][WARNING] - Using a while_loop for converting Bitcast cause there is no registered converter for this op.
[2023-12-12 03:22:24,222][tensorflow][WARNING] - Using a while_loop for converting StatelessRandomUniformFullIntV2 cause there is no registered converter for this op.
[2023-12-12 03:22:24,263][tensorflow][WARNING] - Using a while_loop for converting StatelessRandomGetKeyCounter cause there is no registered converter for this op.
[2023-12-12 03:22:24,292][tensorflow][WARNING] - Using a while_loop for converting StatelessRandomUniformV2 cause there is no registered converter for this op.
[2023-12-12 03:22:24,357][tensorflow][WARNING] - Using a while_loop for converting AdjustContrastv2 cause Input "contrast_factor" of op 'AdjustContrastv2' expected to be loop invariant.
[2023-12-12 03:22:24,703][tensorflow][WARNING] - Using a while_loop for converting RngReadAndSkip cause there is no registered converter for this op.
[2023-12-12 03:22:24,727][tensorflow][WARNING] - Using a while_loop for converting Bitcast cause there is no registered converter for this op.
[2023-12-12 03:22:24,755][tensorflow][WARNING] - Using a while_loop for converting Bitcast cause there is no registered converter for this op.
[2023-12-12 03:22:24,779][tensorflow][WARNING] - Using a while_loop for converting StatelessRandomUniformV2 cause there is no registered converter for this op.
[2023-12-12 03:22:24,924][tensorflow][WARNING] - Using a while_loop for converting RngReadAndSkip cause there is no registered converter for this op.
[2023-12-12 03:22:24,948][tensorflow][WARNING] - Using a while_loop for converting Bitcast cause there is no registered converter for this op.
[2023-12-12 03:22:24,976][tensorflow][WARNING] - Using a while_loop for converting Bitcast cause there is no registered converter for this op.
[2023-12-12 03:22:24,999][tensorflow][WARNING] - Using a while_loop for converting StatelessRandomUniformFullIntV2 cause there is no registered converter for this op.
[2023-12-12 03:22:25,039][tensorflow][WARNING] - Using a while_loop for converting StatelessRandomGetKeyCounter cause there is no registered converter for this op.
[2023-12-12 03:22:25,067][tensorflow][WARNING] - Using a while_loop for converting StatelessRandomUniformV2 cause there is no registered converter for this op.
[2023-12-12 03:22:25,131][tensorflow][WARNING] - Using a while_loop for converting AdjustContrastv2 cause Input "contrast_factor" of op 'AdjustContrastv2' expected to be loop invariant.
[2023-12-12 03:31:03,266][__main__][INFO] - Train Accuracy: [0.9052132964134216, 0.9750107526779175, 0.9943989515304565, 0.9952606558799744, 0.9933218359947205, 0.9980611801147461, 1.0, 0.9903059005737305, 0.9915984272956848, 0.9989228844642639, 1.0, 0.9941835403442383, 0.9980611801147461, 0.9924601316452026, 0.9987074732780457, 1.0, 1.0, 1.0, 1.0, 1.0]
[2023-12-12 03:31:03,266][__main__][INFO] - Train Loss: [0.2787703573703766, 0.10132652521133423, 0.04535306245088577, 0.03663879632949829, 0.04375375434756279, 0.02782777138054371, 0.0188400000333786, 0.048854582011699677, 0.040130723267793655, 0.01904730498790741, 0.014689442701637745, 0.027630474418401718, 0.017879271879792213, 0.037559498101472855, 0.01724408008158207, 0.012012658640742302, 0.010512462817132473, 0.009615376591682434, 0.008997619152069092, 0.008434279821813107]
[2023-12-12 03:31:03,266][__main__][INFO] - Validation Accuracy: [0.5520983934402466, 0.42221418023109436, 0.46671491861343384, 0.465629518032074, 0.4876989722251892, 0.49312591552734375, 0.5108538269996643, 0.6150506734848022, 0.4739508032798767, 0.4753979742527008, 0.4764833450317383, 0.47105643153190613, 0.4826338589191437, 0.5321996808052063, 0.4833574593067169, 0.4909551441669464, 0.47937771677970886, 0.47901591658592224, 0.47612157464027405, 0.493487685918808]
[2023-12-12 03:31:03,267][__main__][INFO] - Validation Loss: [1.2005622386932373, 1.9071242809295654, 5.426902770996094, 9.105425834655762, 5.1901535987854, 6.253753662109375, 5.898366451263428, 0.8084316849708557, 3.629645824432373, 5.448652744293213, 5.999975204467773, 4.980541229248047, 5.098340034484863, 2.6328775882720947, 4.039463520050049, 4.32279109954834, 5.434440612792969, 5.7347917556762695, 6.086965084075928, 6.020317077636719]
