[2023-12-12 00:54:25,105][tensorflow][WARNING] - Using a while_loop for converting RngReadAndSkip cause there is no registered converter for this op.
[2023-12-12 00:54:25,130][tensorflow][WARNING] - Using a while_loop for converting Bitcast cause there is no registered converter for this op.
[2023-12-12 00:54:25,159][tensorflow][WARNING] - Using a while_loop for converting Bitcast cause there is no registered converter for this op.
[2023-12-12 00:54:25,183][tensorflow][WARNING] - Using a while_loop for converting StatelessRandomUniformV2 cause there is no registered converter for this op.
[2023-12-12 00:54:25,329][tensorflow][WARNING] - Using a while_loop for converting RngReadAndSkip cause there is no registered converter for this op.
[2023-12-12 00:54:25,354][tensorflow][WARNING] - Using a while_loop for converting Bitcast cause there is no registered converter for this op.
[2023-12-12 00:54:25,382][tensorflow][WARNING] - Using a while_loop for converting Bitcast cause there is no registered converter for this op.
[2023-12-12 00:54:25,405][tensorflow][WARNING] - Using a while_loop for converting StatelessRandomUniformFullIntV2 cause there is no registered converter for this op.
[2023-12-12 00:54:25,445][tensorflow][WARNING] - Using a while_loop for converting StatelessRandomGetKeyCounter cause there is no registered converter for this op.
[2023-12-12 00:54:25,474][tensorflow][WARNING] - Using a while_loop for converting StatelessRandomUniformV2 cause there is no registered converter for this op.
[2023-12-12 00:54:25,542][tensorflow][WARNING] - Using a while_loop for converting AdjustContrastv2 cause Input "contrast_factor" of op 'AdjustContrastv2' expected to be loop invariant.
[2023-12-12 00:54:25,886][tensorflow][WARNING] - Using a while_loop for converting RngReadAndSkip cause there is no registered converter for this op.
[2023-12-12 00:54:25,911][tensorflow][WARNING] - Using a while_loop for converting Bitcast cause there is no registered converter for this op.
[2023-12-12 00:54:25,938][tensorflow][WARNING] - Using a while_loop for converting Bitcast cause there is no registered converter for this op.
[2023-12-12 00:54:25,961][tensorflow][WARNING] - Using a while_loop for converting StatelessRandomUniformV2 cause there is no registered converter for this op.
[2023-12-12 00:54:26,104][tensorflow][WARNING] - Using a while_loop for converting RngReadAndSkip cause there is no registered converter for this op.
[2023-12-12 00:54:26,129][tensorflow][WARNING] - Using a while_loop for converting Bitcast cause there is no registered converter for this op.
[2023-12-12 00:54:26,158][tensorflow][WARNING] - Using a while_loop for converting Bitcast cause there is no registered converter for this op.
[2023-12-12 00:54:26,181][tensorflow][WARNING] - Using a while_loop for converting StatelessRandomUniformFullIntV2 cause there is no registered converter for this op.
[2023-12-12 00:54:26,220][tensorflow][WARNING] - Using a while_loop for converting StatelessRandomGetKeyCounter cause there is no registered converter for this op.
[2023-12-12 00:54:26,249][tensorflow][WARNING] - Using a while_loop for converting StatelessRandomUniformV2 cause there is no registered converter for this op.
[2023-12-12 00:54:26,313][tensorflow][WARNING] - Using a while_loop for converting AdjustContrastv2 cause Input "contrast_factor" of op 'AdjustContrastv2' expected to be loop invariant.
[2023-12-12 01:03:03,942][__main__][INFO] - Train Accuracy: [0.8526497483253479, 0.9803963899612427, 0.9851357340812683, 0.99396812915802, 0.9943989515304565, 0.9918138980865479, 0.9971994757652283, 1.0, 0.9959069490432739, 0.9987074732780457, 0.9859974384307861, 0.9959069490432739, 0.9987074732780457, 0.9989228844642639, 1.0, 1.0, 0.9982765913009644, 1.0, 0.9946143627166748, 0.9997845888137817]
[2023-12-12 01:03:03,942][__main__][INFO] - Train Loss: [0.38509318232536316, 0.08524918556213379, 0.0651262104511261, 0.04282015562057495, 0.038828808814287186, 0.04613775759935379, 0.030570920556783676, 0.019867995753884315, 0.029192525893449783, 0.021473560482263565, 0.05482742190361023, 0.030419211834669113, 0.019129302352666855, 0.01705869287252426, 0.012491034343838692, 0.01094565074890852, 0.015070258639752865, 0.009128664620220661, 0.020169828087091446, 0.009224274195730686]
[2023-12-12 01:03:03,943][__main__][INFO] - Validation Accuracy: [0.4649059474468231, 0.6939218640327454, 0.7091172337532043, 0.6497828960418701, 0.7116497755050659, 0.7304630875587463, 0.6722142100334167, 0.6693198084831238, 0.6468885540962219, 0.6968162059783936, 0.6950072646141052, 0.6877713203430176, 0.6866859793663025, 0.6620839238166809, 0.6870477795600891, 0.6465267539024353, 0.6505064964294434, 0.6392908692359924, 0.6049203872680664, 0.7174385190010071]
[2023-12-12 01:03:03,943][__main__][INFO] - Validation Loss: [1.5124589204788208, 0.7495949864387512, 1.0105290412902832, 2.0087368488311768, 1.1054309606552124, 0.8995867371559143, 2.232858419418335, 1.99394953250885, 2.09600830078125, 1.9174349308013916, 1.322776198387146, 1.7930845022201538, 1.9359527826309204, 2.5632197856903076, 2.4388790130615234, 2.489046573638916, 2.5701522827148438, 2.3682291507720947, 3.209214448928833, 2.0904123783111572]
