[2023-12-12 07:45:39,771][tensorflow][WARNING] - Using a while_loop for converting RngReadAndSkip cause there is no registered converter for this op.
[2023-12-12 07:45:39,796][tensorflow][WARNING] - Using a while_loop for converting Bitcast cause there is no registered converter for this op.
[2023-12-12 07:45:39,825][tensorflow][WARNING] - Using a while_loop for converting Bitcast cause there is no registered converter for this op.
[2023-12-12 07:45:39,848][tensorflow][WARNING] - Using a while_loop for converting StatelessRandomUniformV2 cause there is no registered converter for this op.
[2023-12-12 07:45:39,993][tensorflow][WARNING] - Using a while_loop for converting RngReadAndSkip cause there is no registered converter for this op.
[2023-12-12 07:45:40,020][tensorflow][WARNING] - Using a while_loop for converting Bitcast cause there is no registered converter for this op.
[2023-12-12 07:45:40,050][tensorflow][WARNING] - Using a while_loop for converting Bitcast cause there is no registered converter for this op.
[2023-12-12 07:45:40,073][tensorflow][WARNING] - Using a while_loop for converting StatelessRandomUniformFullIntV2 cause there is no registered converter for this op.
[2023-12-12 07:45:40,113][tensorflow][WARNING] - Using a while_loop for converting StatelessRandomGetKeyCounter cause there is no registered converter for this op.
[2023-12-12 07:45:40,141][tensorflow][WARNING] - Using a while_loop for converting StatelessRandomUniformV2 cause there is no registered converter for this op.
[2023-12-12 07:45:40,205][tensorflow][WARNING] - Using a while_loop for converting AdjustContrastv2 cause Input "contrast_factor" of op 'AdjustContrastv2' expected to be loop invariant.
[2023-12-12 07:45:40,548][tensorflow][WARNING] - Using a while_loop for converting RngReadAndSkip cause there is no registered converter for this op.
[2023-12-12 07:45:40,572][tensorflow][WARNING] - Using a while_loop for converting Bitcast cause there is no registered converter for this op.
[2023-12-12 07:45:40,599][tensorflow][WARNING] - Using a while_loop for converting Bitcast cause there is no registered converter for this op.
[2023-12-12 07:45:40,622][tensorflow][WARNING] - Using a while_loop for converting StatelessRandomUniformV2 cause there is no registered converter for this op.
[2023-12-12 07:45:40,767][tensorflow][WARNING] - Using a while_loop for converting RngReadAndSkip cause there is no registered converter for this op.
[2023-12-12 07:45:40,791][tensorflow][WARNING] - Using a while_loop for converting Bitcast cause there is no registered converter for this op.
[2023-12-12 07:45:40,819][tensorflow][WARNING] - Using a while_loop for converting Bitcast cause there is no registered converter for this op.
[2023-12-12 07:45:40,842][tensorflow][WARNING] - Using a while_loop for converting StatelessRandomUniformFullIntV2 cause there is no registered converter for this op.
[2023-12-12 07:45:40,884][tensorflow][WARNING] - Using a while_loop for converting StatelessRandomGetKeyCounter cause there is no registered converter for this op.
[2023-12-12 07:45:40,912][tensorflow][WARNING] - Using a while_loop for converting StatelessRandomUniformV2 cause there is no registered converter for this op.
[2023-12-12 07:45:40,976][tensorflow][WARNING] - Using a while_loop for converting AdjustContrastv2 cause Input "contrast_factor" of op 'AdjustContrastv2' expected to be loop invariant.
[2023-12-12 07:54:27,609][__main__][INFO] - Train Accuracy: [0.8959500193595886, 0.9840586185455322, 0.9911676049232483, 0.9704868793487549, 0.9956915378570557, 0.9989228844642639, 0.9982765913009644, 0.9937527179718018, 0.9997845888137817, 1.0, 1.0, 1.0, 1.0, 1.0, 1.0, 0.9997845888137817, 1.0, 1.0, 1.0, 0.9875053763389587]
[2023-12-12 07:54:27,609][__main__][INFO] - Train Loss: [0.2822818160057068, 0.08162687718868256, 0.05320959538221359, 0.10850536078214645, 0.03632347658276558, 0.025657551363110542, 0.024466393515467644, 0.03814439848065376, 0.018520154058933258, 0.015970909968018532, 0.0144210709258914, 0.013277560472488403, 0.01230208482593298, 0.0116698257625103, 0.01056914497166872, 0.010036375373601913, 0.009313629008829594, 0.008364125154912472, 0.007723139598965645, 0.04188907518982887]
[2023-12-12 07:54:27,610][__main__][INFO] - Validation Accuracy: [0.5933429598808289, 0.6725759506225586, 0.6338639855384827, 0.6461649537086487, 0.6816208362579346, 0.7011577486991882, 0.629522442817688, 0.7138205766677856, 0.6776410937309265, 0.6765556931495667, 0.6671490669250488, 0.6526772975921631, 0.6729377508163452, 0.659913182258606, 0.6696816086769104, 0.6754703521728516, 0.6664254665374756, 0.659913182258606, 0.6454414129257202, 0.6244572997093201]
[2023-12-12 07:54:27,610][__main__][INFO] - Validation Loss: [2.018617630004883, 1.1324419975280762, 2.0382893085479736, 1.6446691751480103, 1.5328547954559326, 1.5650793313980103, 1.9584877490997314, 1.7032124996185303, 1.8398829698562622, 2.069432497024536, 2.2130348682403564, 2.398608446121216, 2.2005345821380615, 2.1891863346099854, 2.126991033554077, 2.2438199520111084, 2.1431450843811035, 2.3782708644866943, 2.2726378440856934, 2.2888286113739014]
